2020.05.13 16:11:47 INFO  started: Metals version 0.9.0 in workspace 'C:\Users\Ryano\Desktop\github\ACM-Dead-End-Detector'
2020.05.13 16:11:47 INFO  time: initialize in 0.42s
2020.05.13 16:11:48 WARN  no build tool detected in workspace 'C:\Users\Ryano\Desktop\github\ACM-Dead-End-Detector'. The most common cause for this problem is that the editor was opened in the wrong working directory, for example if you use sbt then the workspace directory should contain build.sbt. 
2020.05.13 16:11:48 INFO  no build target: using presentation compiler with only scala-library
2020.05.13 16:11:52 WARN  no build target for: C:\Users\Ryano\Desktop\github\ACM-Dead-End-Detector\ded\src\main\scala\Dead_End_Detector.scala
2020.05.13 16:13:17 INFO  shutting down Metals
2020.05.13 16:13:32 INFO  started: Metals version 0.9.0 in workspace 'C:\Users\Ryano\Desktop\github\ACM-Dead-End-Detector'
2020.05.13 16:13:33 INFO  time: initialize in 0.44s
2020.05.13 16:13:33 WARN  no build tool detected in workspace 'C:\Users\Ryano\Desktop\github\ACM-Dead-End-Detector'. The most common cause for this problem is that the editor was opened in the wrong working directory, for example if you use sbt then the workspace directory should contain build.sbt. 
2020.05.13 16:13:33 INFO  no build target: using presentation compiler with only scala-library
2020.05.13 16:13:35 WARN  no build target for: C:\Users\Ryano\Desktop\github\ACM-Dead-End-Detector\ded\src\main\scala\Dead_End_Detector.scala
2020.05.13 16:15:22 INFO  shutting down Metals
2020.05.13 16:15:49 INFO  started: Metals version 0.9.0 in workspace 'C:\Users\Ryano\Desktop\github\ACM-Dead-End-Detector'
2020.05.13 16:15:50 INFO  time: initialize in 0.73s
2020.05.13 16:15:51 WARN  no build tool detected in workspace 'C:\Users\Ryano\Desktop\github\ACM-Dead-End-Detector'. The most common cause for this problem is that the editor was opened in the wrong working directory, for example if you use sbt then the workspace directory should contain build.sbt. 
2020.05.13 16:15:51 INFO  no build target: using presentation compiler with only scala-library
2020.05.13 16:15:54 WARN  no build target for: C:\Users\Ryano\Desktop\github\ACM-Dead-End-Detector\ded\src\main\scala\Dead_End_Detector.scala
something's wrong: no file:///c%3A/Users/Ryano/Desktop/github/ACM-Dead-End-Detector/ded/src/main/scala/Dead_End_Detector.scala in List[(Int, Int)]RangePosition(file:///c%3A/Users/Ryano/Desktop/github/ACM-Dead-End-Detector/ded/src/main/scala/Dead_End_Detector.scala, 4336, 4336, 4351)
something's wrong: no file:///c%3A/Users/Ryano/Desktop/github/ACM-Dead-End-Detector/ded/src/main/scala/Dead_End_Detector.scala in List[(Int, Int)]RangePosition(file:///c%3A/Users/Ryano/Desktop/github/ACM-Dead-End-Detector/ded/src/main/scala/Dead_End_Detector.scala, 4336, 4336, 4351)
something's wrong: no file:///c%3A/Users/Ryano/Desktop/github/ACM-Dead-End-Detector/ded/src/main/scala/Dead_End_Detector.scala in List[(Int, Int)]RangePosition(file:///c%3A/Users/Ryano/Desktop/github/ACM-Dead-End-Detector/ded/src/main/scala/Dead_End_Detector.scala, 4336, 4336, 4351)
something's wrong: no file:///c%3A/Users/Ryano/Desktop/github/ACM-Dead-End-Detector/ded/src/main/scala/Dead_End_Detector.scala in List[List[Int]]RangePosition(file:///c%3A/Users/Ryano/Desktop/github/ACM-Dead-End-Detector/ded/src/main/scala/Dead_End_Detector.scala, 4455, 4455, 4472)
2020.05.13 16:18:00 WARN  no build tool detected in workspace 'C:\Users\Ryano\Desktop\github\ACM-Dead-End-Detector'. The most common cause for this problem is that the editor was opened in the wrong working directory, for example if you use sbt then the workspace directory should contain build.sbt. 
2020.05.13 16:19:48 WARN  no build tool detected in workspace 'C:\Users\Ryano\Desktop\github\ACM-Dead-End-Detector'. The most common cause for this problem is that the editor was opened in the wrong working directory, for example if you use sbt then the workspace directory should contain build.sbt. 
2020.05.13 16:19:48 WARN  no build tool detected in workspace 'C:\Users\Ryano\Desktop\github\ACM-Dead-End-Detector'. The most common cause for this problem is that the editor was opened in the wrong working directory, for example if you use sbt then the workspace directory should contain build.sbt. 
something's wrong: no file:///c%3A/Users/Ryano/Desktop/github/ACM-Dead-End-Detector/ded/src/main/scala/Dead_End_Detector.scala in List[Int]RangePosition(file:///c%3A/Users/Ryano/Desktop/github/ACM-Dead-End-Detector/ded/src/main/scala/Dead_End_Detector.scala, 4464, 4464, 4475)
something's wrong: no file:///c%3A/Users/Ryano/Desktop/github/ACM-Dead-End-Detector/ded/src/main/scala/Dead_End_Detector.scala in List[Int]RangePosition(file:///c%3A/Users/Ryano/Desktop/github/ACM-Dead-End-Detector/ded/src/main/scala/Dead_End_Detector.scala, 3189, 3189, 3200)
something's wrong: no file:///c%3A/Users/Ryano/Desktop/github/ACM-Dead-End-Detector/ded/src/main/scala/Dead_End_Detector.scala in List[(Int, Int)]RangePosition(file:///c%3A/Users/Ryano/Desktop/github/ACM-Dead-End-Detector/ded/src/main/scala/Dead_End_Detector.scala, 3089, 3089, 3104)
2020.05.13 16:21:10 WARN  no build target for: C:\Users\Ryano\Desktop\github\ACM-Dead-End-Detector\ded\src\main\scala\Dead_End_Detector.scala
2020.05.13 16:21:21 WARN  no build target for: C:\Users\Ryano\Desktop\github\ACM-Dead-End-Detector\ded\src\main\scala\Dead_End_Detector.scala
something's wrong: no file:///c%3A/Users/Ryano/Desktop/github/ACM-Dead-End-Detector/ded/src/main/scala/Dead_End_Detector.scala in List[Int]RangePosition(file:///c%3A/Users/Ryano/Desktop/github/ACM-Dead-End-Detector/ded/src/main/scala/Dead_End_Detector.scala, 4530, 4530, 4541)
2020.05.13 16:22:05 WARN  no build tool detected in workspace 'C:\Users\Ryano\Desktop\github\ACM-Dead-End-Detector'. The most common cause for this problem is that the editor was opened in the wrong working directory, for example if you use sbt then the workspace directory should contain build.sbt. 
2020.05.13 16:22:05 WARN  no build tool detected in workspace 'C:\Users\Ryano\Desktop\github\ACM-Dead-End-Detector'. The most common cause for this problem is that the editor was opened in the wrong working directory, for example if you use sbt then the workspace directory should contain build.sbt. 
2020.05.13 16:22:26 WARN  no build tool detected in workspace 'C:\Users\Ryano\Desktop\github\ACM-Dead-End-Detector'. The most common cause for this problem is that the editor was opened in the wrong working directory, for example if you use sbt then the workspace directory should contain build.sbt. 
something's wrong: no file:///c%3A/Users/Ryano/Desktop/github/ACM-Dead-End-Detector/ded/src/main/scala/Dead_End_Detector.scala in List[List[(Int, Int)]]RangePosition(file:///c%3A/Users/Ryano/Desktop/github/ACM-Dead-End-Detector/ded/src/main/scala/Dead_End_Detector.scala, 4491, 4491, 4512)
2020.05.13 16:35:15 WARN  no build target for: C:\Users\Ryano\Desktop\github\ACM-Dead-End-Detector\ded\src\main\scala\Dead_End_Detector.scala
2020.05.13 16:37:37 WARN  no build target for: C:\Users\Ryano\Desktop\github\ACM-Dead-End-Detector\ded\src\main\scala\Dead_End_Detector.scala
2020.05.13 16:37:37 WARN  no build tool detected in workspace 'C:\Users\Ryano\Desktop\github\ACM-Dead-End-Detector'. The most common cause for this problem is that the editor was opened in the wrong working directory, for example if you use sbt then the workspace directory should contain build.sbt. 
2020.05.13 16:38:28 WARN  no build target for: C:\Users\Ryano\Desktop\github\ACM-Dead-End-Detector\ded\src\main\scala\Dead_End_Detector.scala
2020.05.13 16:40:39 WARN  no build target for: C:\Users\Ryano\Desktop\github\ACM-Dead-End-Detector\ded\src\main\scala\Dead_End_Detector.scala
something's wrong: no file:///c%3A/Users/Ryano/Desktop/github/ACM-Dead-End-Detector/ded/src/main/scala/Dead_End_Detector.scala in (Int, Int)RangePosition(file:///c%3A/Users/Ryano/Desktop/github/ACM-Dead-End-Detector/ded/src/main/scala/Dead_End_Detector.scala, 6007, 6007, 6016)
2020.05.13 16:42:36 WARN  no build target for: C:\Users\Ryano\Desktop\github\ACM-Dead-End-Detector\ded\src\main\scala\Dead_End_Detector.scala
May 13, 2020 4:43:56 PM scala.meta.internal.pc.CompilerAccess retryWithCleanCompiler
INFO: compiler crashed due to an error in the Scala compiler, retrying with new compiler instance.
May 13, 2020 4:43:56 PM scala.meta.internal.pc.CompilerAccess handleError
SEVERE: null
java.lang.NullPointerException
	at scala.reflect.internal.Definitions$DefinitionsClass.isByNameParamType(Definitions.scala:417)
	at scala.reflect.internal.TreeInfo.isStableIdent(TreeInfo.scala:138)
	at scala.reflect.internal.TreeInfo.isStableIdentifier(TreeInfo.scala:113)
	at scala.reflect.internal.TreeInfo.isPath(TreeInfo.scala:102)
	at scala.reflect.internal.TreeInfo.admitsTypeSelection(TreeInfo.scala:156)
	at scala.tools.nsc.interactive.Global.stabilizedType(Global.scala:959)
	at scala.tools.nsc.interactive.Global.typedTreeAt(Global.scala:807)
	at scala.meta.internal.pc.SignatureHelpProvider.signatureHelp(SignatureHelpProvider.scala:22)

2020.05.13 16:44:15 WARN  no build tool detected in workspace 'C:\Users\Ryano\Desktop\github\ACM-Dead-End-Detector'. The most common cause for this problem is that the editor was opened in the wrong working directory, for example if you use sbt then the workspace directory should contain build.sbt. 
2020.05.13 16:44:15 WARN  no build tool detected in workspace 'C:\Users\Ryano\Desktop\github\ACM-Dead-End-Detector'. The most common cause for this problem is that the editor was opened in the wrong working directory, for example if you use sbt then the workspace directory should contain build.sbt. 
2020.05.13 16:44:15 WARN  no build tool detected in workspace 'C:\Users\Ryano\Desktop\github\ACM-Dead-End-Detector'. The most common cause for this problem is that the editor was opened in the wrong working directory, for example if you use sbt then the workspace directory should contain build.sbt. 
2020.05.13 16:44:15 WARN  no build tool detected in workspace 'C:\Users\Ryano\Desktop\github\ACM-Dead-End-Detector'. The most common cause for this problem is that the editor was opened in the wrong working directory, for example if you use sbt then the workspace directory should contain build.sbt. 
2020.05.13 16:44:42 WARN  no build tool detected in workspace 'C:\Users\Ryano\Desktop\github\ACM-Dead-End-Detector'. The most common cause for this problem is that the editor was opened in the wrong working directory, for example if you use sbt then the workspace directory should contain build.sbt. 
2020.05.13 16:44:42 WARN  no build tool detected in workspace 'C:\Users\Ryano\Desktop\github\ACM-Dead-End-Detector'. The most common cause for this problem is that the editor was opened in the wrong working directory, for example if you use sbt then the workspace directory should contain build.sbt. 
2020.05.13 16:44:42 WARN  no build tool detected in workspace 'C:\Users\Ryano\Desktop\github\ACM-Dead-End-Detector'. The most common cause for this problem is that the editor was opened in the wrong working directory, for example if you use sbt then the workspace directory should contain build.sbt. 
2020.05.13 16:45:27 WARN  no build tool detected in workspace 'C:\Users\Ryano\Desktop\github\ACM-Dead-End-Detector'. The most common cause for this problem is that the editor was opened in the wrong working directory, for example if you use sbt then the workspace directory should contain build.sbt. 
2020.05.13 16:45:35 WARN  no build tool detected in workspace 'C:\Users\Ryano\Desktop\github\ACM-Dead-End-Detector'. The most common cause for this problem is that the editor was opened in the wrong working directory, for example if you use sbt then the workspace directory should contain build.sbt. 
2020.05.13 16:45:50 WARN  no build target for: C:\Users\Ryano\Desktop\github\ACM-Dead-End-Detector\ded\src\main\scala\Dead_End_Detector.scala
2020.05.13 16:46:10 WARN  no build tool detected in workspace 'C:\Users\Ryano\Desktop\github\ACM-Dead-End-Detector'. The most common cause for this problem is that the editor was opened in the wrong working directory, for example if you use sbt then the workspace directory should contain build.sbt. 
2020.05.13 16:46:22 WARN  no build tool detected in workspace 'C:\Users\Ryano\Desktop\github\ACM-Dead-End-Detector'. The most common cause for this problem is that the editor was opened in the wrong working directory, for example if you use sbt then the workspace directory should contain build.sbt. 
2020.05.13 16:47:33 WARN  no build tool detected in workspace 'C:\Users\Ryano\Desktop\github\ACM-Dead-End-Detector'. The most common cause for this problem is that the editor was opened in the wrong working directory, for example if you use sbt then the workspace directory should contain build.sbt. 
2020.05.13 16:47:33 WARN  no build target for: C:\Users\Ryano\Desktop\github\ACM-Dead-End-Detector\ded\src\main\scala\Dead_End_Detector.scala
2020.05.13 16:47:44 WARN  no build tool detected in workspace 'C:\Users\Ryano\Desktop\github\ACM-Dead-End-Detector'. The most common cause for this problem is that the editor was opened in the wrong working directory, for example if you use sbt then the workspace directory should contain build.sbt. 
2020.05.13 16:47:45 WARN  no build tool detected in workspace 'C:\Users\Ryano\Desktop\github\ACM-Dead-End-Detector'. The most common cause for this problem is that the editor was opened in the wrong working directory, for example if you use sbt then the workspace directory should contain build.sbt. 
2020.05.13 16:47:45 WARN  no build tool detected in workspace 'C:\Users\Ryano\Desktop\github\ACM-Dead-End-Detector'. The most common cause for this problem is that the editor was opened in the wrong working directory, for example if you use sbt then the workspace directory should contain build.sbt. 
2020.05.13 16:47:45 WARN  no build tool detected in workspace 'C:\Users\Ryano\Desktop\github\ACM-Dead-End-Detector'. The most common cause for this problem is that the editor was opened in the wrong working directory, for example if you use sbt then the workspace directory should contain build.sbt. 
2020.05.13 16:47:45 WARN  no build tool detected in workspace 'C:\Users\Ryano\Desktop\github\ACM-Dead-End-Detector'. The most common cause for this problem is that the editor was opened in the wrong working directory, for example if you use sbt then the workspace directory should contain build.sbt. 
2020.05.13 16:47:45 WARN  no build tool detected in workspace 'C:\Users\Ryano\Desktop\github\ACM-Dead-End-Detector'. The most common cause for this problem is that the editor was opened in the wrong working directory, for example if you use sbt then the workspace directory should contain build.sbt. 
2020.05.13 16:47:45 WARN  no build tool detected in workspace 'C:\Users\Ryano\Desktop\github\ACM-Dead-End-Detector'. The most common cause for this problem is that the editor was opened in the wrong working directory, for example if you use sbt then the workspace directory should contain build.sbt. 
2020.05.13 16:49:25 WARN  no build target for: C:\Users\Ryano\Desktop\github\ACM-Dead-End-Detector\ded\src\main\scala\Dead_End_Detector.scala
2020.05.13 16:49:36 WARN  no build target for: C:\Users\Ryano\Desktop\github\ACM-Dead-End-Detector\ded\src\main\scala\Dead_End_Detector.scala
2020.05.13 16:49:56 WARN  no build target for: C:\Users\Ryano\Desktop\github\ACM-Dead-End-Detector\ded\src\main\scala\Dead_End_Detector.scala
2020.05.13 16:50:51 WARN  no build target for: C:\Users\Ryano\Desktop\github\ACM-Dead-End-Detector\ded\src\main\scala\Dead_End_Detector.scala
2020.05.13 16:50:51 WARN  no build tool detected in workspace 'C:\Users\Ryano\Desktop\github\ACM-Dead-End-Detector'. The most common cause for this problem is that the editor was opened in the wrong working directory, for example if you use sbt then the workspace directory should contain build.sbt. 
2020.05.13 16:52:21 WARN  no build target for: C:\Users\Ryano\Desktop\github\ACM-Dead-End-Detector\ded\src\main\scala\Dead_End_Detector.scala
2020.05.13 16:52:46 WARN  no build target for: C:\Users\Ryano\Desktop\github\ACM-Dead-End-Detector\ded\src\main\scala\Dead_End_Detector.scala
2020.05.13 16:53:09 WARN  no build target for: C:\Users\Ryano\Desktop\github\ACM-Dead-End-Detector\ded\src\main\scala\Dead_End_Detector.scala
2020.05.13 16:53:09 WARN  no build tool detected in workspace 'C:\Users\Ryano\Desktop\github\ACM-Dead-End-Detector'. The most common cause for this problem is that the editor was opened in the wrong working directory, for example if you use sbt then the workspace directory should contain build.sbt. 
2020.05.13 16:53:18 WARN  no build tool detected in workspace 'C:\Users\Ryano\Desktop\github\ACM-Dead-End-Detector'. The most common cause for this problem is that the editor was opened in the wrong working directory, for example if you use sbt then the workspace directory should contain build.sbt. 
2020.05.13 16:53:18 WARN  no build tool detected in workspace 'C:\Users\Ryano\Desktop\github\ACM-Dead-End-Detector'. The most common cause for this problem is that the editor was opened in the wrong working directory, for example if you use sbt then the workspace directory should contain build.sbt. 
2020.05.13 16:53:18 WARN  no build tool detected in workspace 'C:\Users\Ryano\Desktop\github\ACM-Dead-End-Detector'. The most common cause for this problem is that the editor was opened in the wrong working directory, for example if you use sbt then the workspace directory should contain build.sbt. 
2020.05.13 16:53:18 WARN  no build tool detected in workspace 'C:\Users\Ryano\Desktop\github\ACM-Dead-End-Detector'. The most common cause for this problem is that the editor was opened in the wrong working directory, for example if you use sbt then the workspace directory should contain build.sbt. 
2020.05.13 16:53:25 WARN  no build tool detected in workspace 'C:\Users\Ryano\Desktop\github\ACM-Dead-End-Detector'. The most common cause for this problem is that the editor was opened in the wrong working directory, for example if you use sbt then the workspace directory should contain build.sbt. 
2020.05.13 16:53:25 WARN  no build tool detected in workspace 'C:\Users\Ryano\Desktop\github\ACM-Dead-End-Detector'. The most common cause for this problem is that the editor was opened in the wrong working directory, for example if you use sbt then the workspace directory should contain build.sbt. 
2020.05.13 16:53:25 WARN  no build tool detected in workspace 'C:\Users\Ryano\Desktop\github\ACM-Dead-End-Detector'. The most common cause for this problem is that the editor was opened in the wrong working directory, for example if you use sbt then the workspace directory should contain build.sbt. 
2020.05.13 16:53:42 WARN  no build tool detected in workspace 'C:\Users\Ryano\Desktop\github\ACM-Dead-End-Detector'. The most common cause for this problem is that the editor was opened in the wrong working directory, for example if you use sbt then the workspace directory should contain build.sbt. 
2020.05.13 16:53:42 WARN  no build target for: C:\Users\Ryano\Desktop\github\ACM-Dead-End-Detector\ded\src\main\scala\Dead_End_Detector.scala
2020.05.13 16:54:00 WARN  no build tool detected in workspace 'C:\Users\Ryano\Desktop\github\ACM-Dead-End-Detector'. The most common cause for this problem is that the editor was opened in the wrong working directory, for example if you use sbt then the workspace directory should contain build.sbt. 
2020.05.13 16:54:15 WARN  no build tool detected in workspace 'C:\Users\Ryano\Desktop\github\ACM-Dead-End-Detector'. The most common cause for this problem is that the editor was opened in the wrong working directory, for example if you use sbt then the workspace directory should contain build.sbt. 
2020.05.13 16:54:15 WARN  no build target for: C:\Users\Ryano\Desktop\github\ACM-Dead-End-Detector\ded\src\main\scala\Dead_End_Detector.scala
2020.05.13 16:54:15 WARN  no build tool detected in workspace 'C:\Users\Ryano\Desktop\github\ACM-Dead-End-Detector'. The most common cause for this problem is that the editor was opened in the wrong working directory, for example if you use sbt then the workspace directory should contain build.sbt. 
2020.05.13 16:55:03 WARN  no build target for: C:\Users\Ryano\Desktop\github\ACM-Dead-End-Detector\ded\src\main\scala\Dead_End_Detector.scala
something's wrong: no file:///c%3A/Users/Ryano/Desktop/github/ACM-Dead-End-Detector/ded/src/main/scala/Dead_End_Detector.scala in (Int, Int)RangePosition(file:///c%3A/Users/Ryano/Desktop/github/ACM-Dead-End-Detector/ded/src/main/scala/Dead_End_Detector.scala, 5234, 5234, 5250)
2020.05.13 16:57:10 WARN  no build target for: C:\Users\Ryano\Desktop\github\ACM-Dead-End-Detector\ded\src\main\scala\Dead_End_Detector.scala
2020.05.13 16:57:15 WARN  no build target for: C:\Users\Ryano\Desktop\github\ACM-Dead-End-Detector\ded\src\main\scala\Dead_End_Detector.scala
2020.05.13 16:57:26 WARN  no build target for: C:\Users\Ryano\Desktop\github\ACM-Dead-End-Detector\ded\src\main\scala\Dead_End_Detector.scala
2020.05.13 16:58:56 WARN  no build target for: C:\Users\Ryano\Desktop\github\ACM-Dead-End-Detector\ded\src\main\scala\Dead_End_Detector.scala
2020.05.13 16:59:00 WARN  no build target for: C:\Users\Ryano\Desktop\github\ACM-Dead-End-Detector\ded\src\main\scala\Dead_End_Detector.scala
2020.05.13 16:59:43 WARN  no build target for: C:\Users\Ryano\Desktop\github\ACM-Dead-End-Detector\ded\src\main\scala\Dead_End_Detector.scala
2020.05.13 17:00:41 WARN  no build target for: C:\Users\Ryano\Desktop\github\ACM-Dead-End-Detector\ded\src\main\scala\Dead_End_Detector.scala
something's wrong: no file:///c%3A/Users/Ryano/Desktop/github/ACM-Dead-End-Detector/ded/src/main/scala/Dead_End_Detector.scala in List[(Int, Int)]RangePosition(file:///c%3A/Users/Ryano/Desktop/github/ACM-Dead-End-Detector/ded/src/main/scala/Dead_End_Detector.scala, 3910, 3910, 3925)
2020.05.13 17:04:27 WARN  no build tool detected in workspace 'C:\Users\Ryano\Desktop\github\ACM-Dead-End-Detector'. The most common cause for this problem is that the editor was opened in the wrong working directory, for example if you use sbt then the workspace directory should contain build.sbt. 
2020.05.13 17:04:27 WARN  no build target for: C:\Users\Ryano\Desktop\github\ACM-Dead-End-Detector\ded\src\main\scala\Dead_End_Detector.scala
2020.05.13 17:04:41 WARN  no build target for: C:\Users\Ryano\Desktop\github\ACM-Dead-End-Detector\ded\src\main\scala\Dead_End_Detector.scala
2020.05.13 17:05:07 WARN  no build target for: C:\Users\Ryano\Desktop\github\ACM-Dead-End-Detector\ded\src\main\scala\Dead_End_Detector.scala
2020.05.13 17:05:26 WARN  no build target for: C:\Users\Ryano\Desktop\github\ACM-Dead-End-Detector\ded\src\main\scala\Dead_End_Detector.scala
2020.05.13 17:06:09 WARN  no build tool detected in workspace 'C:\Users\Ryano\Desktop\github\ACM-Dead-End-Detector'. The most common cause for this problem is that the editor was opened in the wrong working directory, for example if you use sbt then the workspace directory should contain build.sbt. 
2020.05.13 17:06:09 WARN  no build tool detected in workspace 'C:\Users\Ryano\Desktop\github\ACM-Dead-End-Detector'. The most common cause for this problem is that the editor was opened in the wrong working directory, for example if you use sbt then the workspace directory should contain build.sbt. 
2020.05.13 17:06:10 WARN  no build tool detected in workspace 'C:\Users\Ryano\Desktop\github\ACM-Dead-End-Detector'. The most common cause for this problem is that the editor was opened in the wrong working directory, for example if you use sbt then the workspace directory should contain build.sbt. 
2020.05.13 17:06:22 WARN  no build target for: C:\Users\Ryano\Desktop\github\ACM-Dead-End-Detector\ded\src\main\scala\Dead_End_Detector.scala
2020.05.13 17:08:01 WARN  no build target for: C:\Users\Ryano\Desktop\github\ACM-Dead-End-Detector\ded\src\main\scala\Dead_End_Detector.scala
something's wrong: no file:///c%3A/Users/Ryano/Desktop/github/ACM-Dead-End-Detector/ded/src/main/scala/Dead_End_Detector.scala in List[List[(Int, Int)]]RangePosition(file:///c%3A/Users/Ryano/Desktop/github/ACM-Dead-End-Detector/ded/src/main/scala/Dead_End_Detector.scala, 3905, 3905, 3926)
2020.05.13 17:09:16 WARN  no build target for: C:\Users\Ryano\Desktop\github\ACM-Dead-End-Detector\ded\src\main\scala\Dead_End_Detector.scala
2020.05.13 17:09:30 WARN  no build target for: C:\Users\Ryano\Desktop\github\ACM-Dead-End-Detector\ded\src\main\scala\Dead_End_Detector.scala
2020.05.13 17:11:30 WARN  no build target for: C:\Users\Ryano\Desktop\github\ACM-Dead-End-Detector\ded\src\main\scala\Dead_End_Detector.scala
2020.05.13 17:12:13 WARN  no build target for: C:\Users\Ryano\Desktop\github\ACM-Dead-End-Detector\ded\src\main\scala\Dead_End_Detector.scala
2020.05.13 17:13:03 WARN  no build target for: C:\Users\Ryano\Desktop\github\ACM-Dead-End-Detector\ded\src\main\scala\Dead_End_Detector.scala
2020.05.13 17:14:13 WARN  no build tool detected in workspace 'C:\Users\Ryano\Desktop\github\ACM-Dead-End-Detector'. The most common cause for this problem is that the editor was opened in the wrong working directory, for example if you use sbt then the workspace directory should contain build.sbt. 
2020.05.13 17:14:13 WARN  no build tool detected in workspace 'C:\Users\Ryano\Desktop\github\ACM-Dead-End-Detector'. The most common cause for this problem is that the editor was opened in the wrong working directory, for example if you use sbt then the workspace directory should contain build.sbt. 
2020.05.13 17:14:58 WARN  no build tool detected in workspace 'C:\Users\Ryano\Desktop\github\ACM-Dead-End-Detector'. The most common cause for this problem is that the editor was opened in the wrong working directory, for example if you use sbt then the workspace directory should contain build.sbt. 
2020.05.13 17:14:58 WARN  no build tool detected in workspace 'C:\Users\Ryano\Desktop\github\ACM-Dead-End-Detector'. The most common cause for this problem is that the editor was opened in the wrong working directory, for example if you use sbt then the workspace directory should contain build.sbt. 
2020.05.13 17:14:58 WARN  no build tool detected in workspace 'C:\Users\Ryano\Desktop\github\ACM-Dead-End-Detector'. The most common cause for this problem is that the editor was opened in the wrong working directory, for example if you use sbt then the workspace directory should contain build.sbt. 
2020.05.13 17:16:10 WARN  no build target for: C:\Users\Ryano\Desktop\github\ACM-Dead-End-Detector\ded\src\main\scala\Dead_End_Detector.scala
2020.05.13 17:16:51 WARN  no build target for: C:\Users\Ryano\Desktop\github\ACM-Dead-End-Detector\ded\src\main\scala\Dead_End_Detector.scala
2020.05.13 17:17:19 WARN  no build target for: C:\Users\Ryano\Desktop\github\ACM-Dead-End-Detector\ded\src\main\scala\Dead_End_Detector.scala
2020.05.13 17:17:19 WARN  no build tool detected in workspace 'C:\Users\Ryano\Desktop\github\ACM-Dead-End-Detector'. The most common cause for this problem is that the editor was opened in the wrong working directory, for example if you use sbt then the workspace directory should contain build.sbt. 
2020.05.13 17:17:47 WARN  no build target for: C:\Users\Ryano\Desktop\github\ACM-Dead-End-Detector\ded\src\main\scala\Dead_End_Detector.scala
something's wrong: no file:///c%3A/Users/Ryano/Desktop/github/ACM-Dead-End-Detector/ded/src/main/scala/Dead_End_Detector.scala in List[String]RangePosition(file:///c%3A/Users/Ryano/Desktop/github/ACM-Dead-End-Detector/ded/src/main/scala/Dead_End_Detector.scala, 8607, 8607, 8621)
2020.05.13 17:18:05 WARN  no build target for: C:\Users\Ryano\Desktop\github\ACM-Dead-End-Detector\ded\src\main\scala\Dead_End_Detector.scala
2020.05.13 17:22:31 WARN  no build target for: C:\Users\Ryano\Desktop\github\ACM-Dead-End-Detector\ded\src\main\scala\Dead_End_Detector.scala
2020.05.13 17:22:46 WARN  no build target for: C:\Users\Ryano\Desktop\github\ACM-Dead-End-Detector\ded\src\main\scala\Dead_End_Detector.scala
2020.05.13 17:23:59 WARN  no build target for: C:\Users\Ryano\Desktop\github\ACM-Dead-End-Detector\ded\src\main\scala\Dead_End_Detector.scala
2020.05.13 17:24:43 WARN  no build target for: C:\Users\Ryano\Desktop\github\ACM-Dead-End-Detector\ded\src\main\scala\Dead_End_Detector.scala
something's wrong: no file:///c%3A/Users/Ryano/Desktop/github/ACM-Dead-End-Detector/ded/src/main/scala/Dead_End_Detector.scala in List[(Int, Int)]RangePosition(file:///c%3A/Users/Ryano/Desktop/github/ACM-Dead-End-Detector/ded/src/main/scala/Dead_End_Detector.scala, 8345, 8345, 8360)
something's wrong: no file:///c%3A/Users/Ryano/Desktop/github/ACM-Dead-End-Detector/ded/src/main/scala/Dead_End_Detector.scala in List[(Int, Int)]RangePosition(file:///c%3A/Users/Ryano/Desktop/github/ACM-Dead-End-Detector/ded/src/main/scala/Dead_End_Detector.scala, 9022, 9022, 9037)
something's wrong: no file:///c%3A/Users/Ryano/Desktop/github/ACM-Dead-End-Detector/ded/src/main/scala/Dead_End_Detector.scala in List[String]RangePosition(file:///c%3A/Users/Ryano/Desktop/github/ACM-Dead-End-Detector/ded/src/main/scala/Dead_End_Detector.scala, 8820, 8820, 8834)
2020.05.13 17:26:03 WARN  no build target for: C:\Users\Ryano\Desktop\github\ACM-Dead-End-Detector\ded\src\main\scala\Dead_End_Detector.scala
something's wrong: no file:///c%3A/Users/Ryano/Desktop/github/ACM-Dead-End-Detector/ded/src/main/scala/Dead_End_Detector.scala in (Int, Int)RangePosition(file:///c%3A/Users/Ryano/Desktop/github/ACM-Dead-End-Detector/ded/src/main/scala/Dead_End_Detector.scala, 8350, 8350, 8359)
2020.05.13 17:26:56 WARN  no build target for: C:\Users\Ryano\Desktop\github\ACM-Dead-End-Detector\ded\src\main\scala\Dead_End_Detector.scala
2020.05.13 17:27:13 WARN  no build target for: C:\Users\Ryano\Desktop\github\ACM-Dead-End-Detector\ded\src\main\scala\Dead_End_Detector.scala
something's wrong: no file:///c%3A/Users/Ryano/Desktop/github/ACM-Dead-End-Detector/ded/src/main/scala/Dead_End_Detector.scala in List[(Int, Int)]RangePosition(file:///c%3A/Users/Ryano/Desktop/github/ACM-Dead-End-Detector/ded/src/main/scala/Dead_End_Detector.scala, 9284, 9284, 9299)
something's wrong: no file:///c%3A/Users/Ryano/Desktop/github/ACM-Dead-End-Detector/ded/src/main/scala/Dead_End_Detector.scala in List[(Int, Int)]RangePosition(file:///c%3A/Users/Ryano/Desktop/github/ACM-Dead-End-Detector/ded/src/main/scala/Dead_End_Detector.scala, 9100, 9100, 9115)
2020.05.13 17:28:03 WARN  no build tool detected in workspace 'C:\Users\Ryano\Desktop\github\ACM-Dead-End-Detector'. The most common cause for this problem is that the editor was opened in the wrong working directory, for example if you use sbt then the workspace directory should contain build.sbt. 
something's wrong: no file:///c%3A/Users/Ryano/Desktop/github/ACM-Dead-End-Detector/ded/src/main/scala/Dead_End_Detector.scala in (Int, Int)RangePosition(file:///c%3A/Users/Ryano/Desktop/github/ACM-Dead-End-Detector/ded/src/main/scala/Dead_End_Detector.scala, 9105, 9105, 9114)
something's wrong: no file:///c%3A/Users/Ryano/Desktop/github/ACM-Dead-End-Detector/ded/src/main/scala/Dead_End_Detector.scala in (Int, Int)RangePosition(file:///c%3A/Users/Ryano/Desktop/github/ACM-Dead-End-Detector/ded/src/main/scala/Dead_End_Detector.scala, 9105, 9105, 9114)
2020.05.13 17:29:01 WARN  no build target for: C:\Users\Ryano\Desktop\github\ACM-Dead-End-Detector\ded\src\main\scala\Dead_End_Detector.scala
something's wrong: no file:///c%3A/Users/Ryano/Desktop/github/ACM-Dead-End-Detector/ded/src/main/scala/Dead_End_Detector.scala in List[String]RangePosition(file:///c%3A/Users/Ryano/Desktop/github/ACM-Dead-End-Detector/ded/src/main/scala/Dead_End_Detector.scala, 11313, 11313, 11327)
2020.05.13 17:30:19 WARN  no build target for: C:\Users\Ryano\Desktop\github\ACM-Dead-End-Detector\ded\src\main\scala\Dead_End_Detector.scala
2020.05.13 17:30:54 WARN  no build tool detected in workspace 'C:\Users\Ryano\Desktop\github\ACM-Dead-End-Detector'. The most common cause for this problem is that the editor was opened in the wrong working directory, for example if you use sbt then the workspace directory should contain build.sbt. 
2020.05.13 17:30:54 WARN  no build target for: C:\Users\Ryano\Desktop\github\ACM-Dead-End-Detector\ded\src\main\scala\Dead_End_Detector.scala
2020.05.13 17:31:33 WARN  no build tool detected in workspace 'C:\Users\Ryano\Desktop\github\ACM-Dead-End-Detector'. The most common cause for this problem is that the editor was opened in the wrong working directory, for example if you use sbt then the workspace directory should contain build.sbt. 
2020.05.13 17:31:33 WARN  no build tool detected in workspace 'C:\Users\Ryano\Desktop\github\ACM-Dead-End-Detector'. The most common cause for this problem is that the editor was opened in the wrong working directory, for example if you use sbt then the workspace directory should contain build.sbt. 
2020.05.13 17:31:34 WARN  no build tool detected in workspace 'C:\Users\Ryano\Desktop\github\ACM-Dead-End-Detector'. The most common cause for this problem is that the editor was opened in the wrong working directory, for example if you use sbt then the workspace directory should contain build.sbt. 
2020.05.13 17:31:36 WARN  no build tool detected in workspace 'C:\Users\Ryano\Desktop\github\ACM-Dead-End-Detector'. The most common cause for this problem is that the editor was opened in the wrong working directory, for example if you use sbt then the workspace directory should contain build.sbt. 
something's wrong: no file:///c%3A/Users/Ryano/Desktop/github/ACM-Dead-End-Detector/ded/src/main/scala/Dead_End_Detector.scala in List[(Int, Int)]RangePosition(file:///c%3A/Users/Ryano/Desktop/github/ACM-Dead-End-Detector/ded/src/main/scala/Dead_End_Detector.scala, 9385, 9385, 9400)
2020.05.13 17:32:28 WARN  no build tool detected in workspace 'C:\Users\Ryano\Desktop\github\ACM-Dead-End-Detector'. The most common cause for this problem is that the editor was opened in the wrong working directory, for example if you use sbt then the workspace directory should contain build.sbt. 
May 13, 2020 5:32:52 PM org.eclipse.lsp4j.jsonrpc.RemoteEndpoint handleCancellation
WARNING: Unmatched cancel notification for request id 5724
2020.05.13 17:33:01 WARN  no build tool detected in workspace 'C:\Users\Ryano\Desktop\github\ACM-Dead-End-Detector'. The most common cause for this problem is that the editor was opened in the wrong working directory, for example if you use sbt then the workspace directory should contain build.sbt. 
May 13, 2020 5:33:15 PM scala.meta.internal.pc.CompilerAccess retryWithCleanCompiler
INFO: compiler crashed due to an error in the Scala compiler, retrying with new compiler instance.
May 13, 2020 5:33:15 PM scala.meta.internal.pc.CompilerAccess handleError
SEVERE: null
java.lang.NullPointerException
	at scala.reflect.internal.Definitions$DefinitionsClass.isByNameParamType(Definitions.scala:417)
	at scala.reflect.internal.TreeInfo.isStableIdent(TreeInfo.scala:138)
	at scala.reflect.internal.TreeInfo.isStableIdentifier(TreeInfo.scala:113)
	at scala.reflect.internal.TreeInfo.isPath(TreeInfo.scala:102)
	at scala.reflect.internal.TreeInfo.admitsTypeSelection(TreeInfo.scala:156)
	at scala.tools.nsc.interactive.Global.stabilizedType(Global.scala:959)
	at scala.tools.nsc.interactive.Global.typedTreeAt(Global.scala:807)
	at scala.meta.internal.pc.SignatureHelpProvider.signatureHelp(SignatureHelpProvider.scala:22)

2020.05.13 17:33:38 WARN  no build tool detected in workspace 'C:\Users\Ryano\Desktop\github\ACM-Dead-End-Detector'. The most common cause for this problem is that the editor was opened in the wrong working directory, for example if you use sbt then the workspace directory should contain build.sbt. 
2020.05.13 17:33:52 WARN  no build tool detected in workspace 'C:\Users\Ryano\Desktop\github\ACM-Dead-End-Detector'. The most common cause for this problem is that the editor was opened in the wrong working directory, for example if you use sbt then the workspace directory should contain build.sbt. 
2020.05.13 17:33:52 WARN  no build tool detected in workspace 'C:\Users\Ryano\Desktop\github\ACM-Dead-End-Detector'. The most common cause for this problem is that the editor was opened in the wrong working directory, for example if you use sbt then the workspace directory should contain build.sbt. 
2020.05.13 17:34:11 WARN  no build tool detected in workspace 'C:\Users\Ryano\Desktop\github\ACM-Dead-End-Detector'. The most common cause for this problem is that the editor was opened in the wrong working directory, for example if you use sbt then the workspace directory should contain build.sbt. 
2020.05.13 17:34:11 WARN  no build tool detected in workspace 'C:\Users\Ryano\Desktop\github\ACM-Dead-End-Detector'. The most common cause for this problem is that the editor was opened in the wrong working directory, for example if you use sbt then the workspace directory should contain build.sbt. 
2020.05.13 17:34:11 WARN  no build tool detected in workspace 'C:\Users\Ryano\Desktop\github\ACM-Dead-End-Detector'. The most common cause for this problem is that the editor was opened in the wrong working directory, for example if you use sbt then the workspace directory should contain build.sbt. 
2020.05.13 17:34:15 WARN  no build tool detected in workspace 'C:\Users\Ryano\Desktop\github\ACM-Dead-End-Detector'. The most common cause for this problem is that the editor was opened in the wrong working directory, for example if you use sbt then the workspace directory should contain build.sbt. 
2020.05.13 17:34:15 WARN  no build tool detected in workspace 'C:\Users\Ryano\Desktop\github\ACM-Dead-End-Detector'. The most common cause for this problem is that the editor was opened in the wrong working directory, for example if you use sbt then the workspace directory should contain build.sbt. 
2020.05.13 17:34:21 WARN  no build tool detected in workspace 'C:\Users\Ryano\Desktop\github\ACM-Dead-End-Detector'. The most common cause for this problem is that the editor was opened in the wrong working directory, for example if you use sbt then the workspace directory should contain build.sbt. 
something's wrong: no file:///c%3A/Users/Ryano/Desktop/github/ACM-Dead-End-Detector/ded/src/main/scala/Dead_End_Detector.scala in List[(Int, Int)]RangePosition(file:///c%3A/Users/Ryano/Desktop/github/ACM-Dead-End-Detector/ded/src/main/scala/Dead_End_Detector.scala, 8059, 8059, 8074)
something's wrong: no file:///c%3A/Users/Ryano/Desktop/github/ACM-Dead-End-Detector/ded/src/main/scala/Dead_End_Detector.scala in List[(Int, Int)]RangePosition(file:///c%3A/Users/Ryano/Desktop/github/ACM-Dead-End-Detector/ded/src/main/scala/Dead_End_Detector.scala, 8059, 8059, 8074)
2020.05.13 17:34:51 WARN  no build tool detected in workspace 'C:\Users\Ryano\Desktop\github\ACM-Dead-End-Detector'. The most common cause for this problem is that the editor was opened in the wrong working directory, for example if you use sbt then the workspace directory should contain build.sbt. 
2020.05.13 17:34:54 WARN  no build tool detected in workspace 'C:\Users\Ryano\Desktop\github\ACM-Dead-End-Detector'. The most common cause for this problem is that the editor was opened in the wrong working directory, for example if you use sbt then the workspace directory should contain build.sbt. 
2020.05.13 17:35:38 WARN  no build target for: C:\Users\Ryano\Desktop\github\ACM-Dead-End-Detector\ded\src\main\scala\Dead_End_Detector.scala
2020.05.13 17:35:48 WARN  no build tool detected in workspace 'C:\Users\Ryano\Desktop\github\ACM-Dead-End-Detector'. The most common cause for this problem is that the editor was opened in the wrong working directory, for example if you use sbt then the workspace directory should contain build.sbt. 
2020.05.13 17:35:50 WARN  no build tool detected in workspace 'C:\Users\Ryano\Desktop\github\ACM-Dead-End-Detector'. The most common cause for this problem is that the editor was opened in the wrong working directory, for example if you use sbt then the workspace directory should contain build.sbt. 
2020.05.13 17:35:52 WARN  no build target for: C:\Users\Ryano\Desktop\github\ACM-Dead-End-Detector\ded\src\main\scala\Dead_End_Detector.scala
something's wrong: no file:///c%3A/Users/Ryano/Desktop/github/ACM-Dead-End-Detector/ded/src/main/scala/Dead_End_Detector.scala in List[List[(Int, Int)]]RangePosition(file:///c%3A/Users/Ryano/Desktop/github/ACM-Dead-End-Detector/ded/src/main/scala/Dead_End_Detector.scala, 5301, 5301, 5322)
something's wrong: no file:///c%3A/Users/Ryano/Desktop/github/ACM-Dead-End-Detector/ded/src/main/scala/Dead_End_Detector.scala in List[List[(Int, Int)]]RangePosition(file:///c%3A/Users/Ryano/Desktop/github/ACM-Dead-End-Detector/ded/src/main/scala/Dead_End_Detector.scala, 5301, 5301, 5322)
something's wrong: no file:///c%3A/Users/Ryano/Desktop/github/ACM-Dead-End-Detector/ded/src/main/scala/Dead_End_Detector.scala in List[(Int, Int)]RangePosition(file:///c%3A/Users/Ryano/Desktop/github/ACM-Dead-End-Detector/ded/src/main/scala/Dead_End_Detector.scala, 5306, 5306, 5321)
something's wrong: no file:///c%3A/Users/Ryano/Desktop/github/ACM-Dead-End-Detector/ded/src/main/scala/Dead_End_Detector.scala in List[List[(Int, Int)]]RangePosition(file:///c%3A/Users/Ryano/Desktop/github/ACM-Dead-End-Detector/ded/src/main/scala/Dead_End_Detector.scala, 5301, 5301, 5322)
something's wrong: no file:///c%3A/Users/Ryano/Desktop/github/ACM-Dead-End-Detector/ded/src/main/scala/Dead_End_Detector.scala in List[List[(Int, Int)]]RangePosition(file:///c%3A/Users/Ryano/Desktop/github/ACM-Dead-End-Detector/ded/src/main/scala/Dead_End_Detector.scala, 5301, 5301, 5322)
something's wrong: no file:///c%3A/Users/Ryano/Desktop/github/ACM-Dead-End-Detector/ded/src/main/scala/Dead_End_Detector.scala in (Int, Int)RangePosition(file:///c%3A/Users/Ryano/Desktop/github/ACM-Dead-End-Detector/ded/src/main/scala/Dead_End_Detector.scala, 5311, 5311, 5320)
2020.05.13 17:36:18 WARN  no build tool detected in workspace 'C:\Users\Ryano\Desktop\github\ACM-Dead-End-Detector'. The most common cause for this problem is that the editor was opened in the wrong working directory, for example if you use sbt then the workspace directory should contain build.sbt. 
2020.05.13 17:36:18 WARN  no build tool detected in workspace 'C:\Users\Ryano\Desktop\github\ACM-Dead-End-Detector'. The most common cause for this problem is that the editor was opened in the wrong working directory, for example if you use sbt then the workspace directory should contain build.sbt. 
2020.05.13 17:36:18 WARN  no build tool detected in workspace 'C:\Users\Ryano\Desktop\github\ACM-Dead-End-Detector'. The most common cause for this problem is that the editor was opened in the wrong working directory, for example if you use sbt then the workspace directory should contain build.sbt. 
2020.05.13 17:36:20 WARN  no build tool detected in workspace 'C:\Users\Ryano\Desktop\github\ACM-Dead-End-Detector'. The most common cause for this problem is that the editor was opened in the wrong working directory, for example if you use sbt then the workspace directory should contain build.sbt. 
2020.05.13 17:36:20 WARN  no build tool detected in workspace 'C:\Users\Ryano\Desktop\github\ACM-Dead-End-Detector'. The most common cause for this problem is that the editor was opened in the wrong working directory, for example if you use sbt then the workspace directory should contain build.sbt. 
2020.05.13 17:36:20 WARN  no build tool detected in workspace 'C:\Users\Ryano\Desktop\github\ACM-Dead-End-Detector'. The most common cause for this problem is that the editor was opened in the wrong working directory, for example if you use sbt then the workspace directory should contain build.sbt. 
2020.05.13 17:36:38 WARN  no build tool detected in workspace 'C:\Users\Ryano\Desktop\github\ACM-Dead-End-Detector'. The most common cause for this problem is that the editor was opened in the wrong working directory, for example if you use sbt then the workspace directory should contain build.sbt. 
something's wrong: no file:///c%3A/Users/Ryano/Desktop/github/ACM-Dead-End-Detector/ded/src/main/scala/Dead_End_Detector.scala in List[List[Int]]RangePosition(file:///c%3A/Users/Ryano/Desktop/github/ACM-Dead-End-Detector/ded/src/main/scala/Dead_End_Detector.scala, 6887, 6887, 6904)
something's wrong: no file:///c%3A/Users/Ryano/Desktop/github/ACM-Dead-End-Detector/ded/src/main/scala/Dead_End_Detector.scala in (Int, Int)RangePosition(file:///c%3A/Users/Ryano/Desktop/github/ACM-Dead-End-Detector/ded/src/main/scala/Dead_End_Detector.scala, 5339, 5339, 5348)
2020.05.13 17:37:03 WARN  no build tool detected in workspace 'C:\Users\Ryano\Desktop\github\ACM-Dead-End-Detector'. The most common cause for this problem is that the editor was opened in the wrong working directory, for example if you use sbt then the workspace directory should contain build.sbt. 
2020.05.13 17:37:03 WARN  no build target for: C:\Users\Ryano\Desktop\github\ACM-Dead-End-Detector\ded\src\main\scala\Dead_End_Detector.scala
something's wrong: no file:///c%3A/Users/Ryano/Desktop/github/ACM-Dead-End-Detector/ded/src/main/scala/Dead_End_Detector.scala in List[(Int, Int)]RangePosition(file:///c%3A/Users/Ryano/Desktop/github/ACM-Dead-End-Detector/ded/src/main/scala/Dead_End_Detector.scala, 6766, 6766, 6781)
something's wrong: no file:///c%3A/Users/Ryano/Desktop/github/ACM-Dead-End-Detector/ded/src/main/scala/Dead_End_Detector.scala in List[(Int, Int)]RangePosition(file:///c%3A/Users/Ryano/Desktop/github/ACM-Dead-End-Detector/ded/src/main/scala/Dead_End_Detector.scala, 5510, 5510, 5525)
May 13, 2020 5:37:49 PM scala.meta.internal.pc.CompilerAccess retryWithCleanCompiler
INFO: compiler crashed due to an error in the Scala compiler, retrying with new compiler instance.
May 13, 2020 5:37:49 PM scala.meta.internal.pc.CompilerAccess handleError
SEVERE: null
java.lang.NullPointerException
	at scala.reflect.internal.Definitions$DefinitionsClass.isByNameParamType(Definitions.scala:417)
	at scala.reflect.internal.TreeInfo.isStableIdent(TreeInfo.scala:138)
	at scala.reflect.internal.TreeInfo.isStableIdentifier(TreeInfo.scala:113)
	at scala.reflect.internal.TreeInfo.isPath(TreeInfo.scala:102)
	at scala.reflect.internal.TreeInfo.admitsTypeSelection(TreeInfo.scala:156)
	at scala.tools.nsc.interactive.Global.stabilizedType(Global.scala:959)
	at scala.tools.nsc.interactive.Global.typedTreeAt(Global.scala:807)
	at scala.meta.internal.pc.SignatureHelpProvider.signatureHelp(SignatureHelpProvider.scala:22)

2020.05.13 17:38:15 WARN  no build tool detected in workspace 'C:\Users\Ryano\Desktop\github\ACM-Dead-End-Detector'. The most common cause for this problem is that the editor was opened in the wrong working directory, for example if you use sbt then the workspace directory should contain build.sbt. 
2020.05.13 17:38:15 WARN  no build tool detected in workspace 'C:\Users\Ryano\Desktop\github\ACM-Dead-End-Detector'. The most common cause for this problem is that the editor was opened in the wrong working directory, for example if you use sbt then the workspace directory should contain build.sbt. 
something's wrong: no file:///c%3A/Users/Ryano/Desktop/github/ACM-Dead-End-Detector/ded/src/main/scala/Dead_End_Detector.scala in List[(Int, Int)]RangePosition(file:///c%3A/Users/Ryano/Desktop/github/ACM-Dead-End-Detector/ded/src/main/scala/Dead_End_Detector.scala, 8895, 8895, 8910)
May 13, 2020 5:38:34 PM scala.meta.internal.pc.CompilerAccess handleError
SEVERE: String index out of range: -2
java.lang.StringIndexOutOfBoundsException: String index out of range: -2
	at java.lang.String.<init>(String.java:196)
	at scala.tools.nsc.interactive.Global.typeCompletions$1(Global.scala:1230)
	at scala.tools.nsc.interactive.Global.completionsAt(Global.scala:1253)
	at scala.meta.internal.pc.SignatureHelpProvider.$anonfun$treeSymbol$1(SignatureHelpProvider.scala:369)
	at scala.Option.map(Option.scala:230)
	at scala.meta.internal.pc.SignatureHelpProvider.treeSymbol(SignatureHelpProvider.scala:368)
	at scala.meta.internal.pc.SignatureHelpProvider$MethodCall$.unapply(SignatureHelpProvider.scala:197)
	at scala.meta.internal.pc.SignatureHelpProvider$MethodCallTraverser.visit(SignatureHelpProvider.scala:305)
	at scala.meta.internal.pc.SignatureHelpProvider$MethodCallTraverser.traverse(SignatureHelpProvider.scala:300)
	at scala.meta.internal.pc.SignatureHelpProvider$MethodCallTraverser.fromTree(SignatureHelpProvider.scala:269)
	at scala.meta.internal.pc.SignatureHelpProvider.signatureHelp(SignatureHelpProvider.scala:26)

2020.05.13 17:38:38 WARN  no build target for: C:\Users\Ryano\Desktop\github\ACM-Dead-End-Detector\ded\src\main\scala\Dead_End_Detector.scala
2020.05.13 17:38:56 WARN  no build tool detected in workspace 'C:\Users\Ryano\Desktop\github\ACM-Dead-End-Detector'. The most common cause for this problem is that the editor was opened in the wrong working directory, for example if you use sbt then the workspace directory should contain build.sbt. 
2020.05.13 17:38:56 WARN  no build tool detected in workspace 'C:\Users\Ryano\Desktop\github\ACM-Dead-End-Detector'. The most common cause for this problem is that the editor was opened in the wrong working directory, for example if you use sbt then the workspace directory should contain build.sbt. 
2020.05.13 17:39:02 WARN  no build tool detected in workspace 'C:\Users\Ryano\Desktop\github\ACM-Dead-End-Detector'. The most common cause for this problem is that the editor was opened in the wrong working directory, for example if you use sbt then the workspace directory should contain build.sbt. 
2020.05.13 17:39:02 WARN  no build tool detected in workspace 'C:\Users\Ryano\Desktop\github\ACM-Dead-End-Detector'. The most common cause for this problem is that the editor was opened in the wrong working directory, for example if you use sbt then the workspace directory should contain build.sbt. 
something's wrong: no file:///c%3A/Users/Ryano/Desktop/github/ACM-Dead-End-Detector/ded/src/main/scala/Dead_End_Detector.scala in List[List[(Int, Int)]]RangePosition(file:///c%3A/Users/Ryano/Desktop/github/ACM-Dead-End-Detector/ded/src/main/scala/Dead_End_Detector.scala, 6211, 6211, 6232)
something's wrong: no file:///c%3A/Users/Ryano/Desktop/github/ACM-Dead-End-Detector/ded/src/main/scala/Dead_End_Detector.scala in List[List[(Int, Int)]]RangePosition(file:///c%3A/Users/Ryano/Desktop/github/ACM-Dead-End-Detector/ded/src/main/scala/Dead_End_Detector.scala, 6246, 6246, 6267)
something's wrong: no file:///c%3A/Users/Ryano/Desktop/github/ACM-Dead-End-Detector/ded/src/main/scala/Dead_End_Detector.scala in List[List[(Int, Int)]]RangePosition(file:///c%3A/Users/Ryano/Desktop/github/ACM-Dead-End-Detector/ded/src/main/scala/Dead_End_Detector.scala, 6246, 6246, 6267)
2020.05.13 17:41:59 WARN  no build tool detected in workspace 'C:\Users\Ryano\Desktop\github\ACM-Dead-End-Detector'. The most common cause for this problem is that the editor was opened in the wrong working directory, for example if you use sbt then the workspace directory should contain build.sbt. 
2020.05.13 17:41:59 WARN  no build tool detected in workspace 'C:\Users\Ryano\Desktop\github\ACM-Dead-End-Detector'. The most common cause for this problem is that the editor was opened in the wrong working directory, for example if you use sbt then the workspace directory should contain build.sbt. 
2020.05.13 17:41:59 WARN  no build target for: C:\Users\Ryano\Desktop\github\ACM-Dead-End-Detector\ded\src\main\scala\Dead_End_Detector.scala
2020.05.13 17:41:59 WARN  no build tool detected in workspace 'C:\Users\Ryano\Desktop\github\ACM-Dead-End-Detector'. The most common cause for this problem is that the editor was opened in the wrong working directory, for example if you use sbt then the workspace directory should contain build.sbt. 
2020.05.13 17:42:22 WARN  no build tool detected in workspace 'C:\Users\Ryano\Desktop\github\ACM-Dead-End-Detector'. The most common cause for this problem is that the editor was opened in the wrong working directory, for example if you use sbt then the workspace directory should contain build.sbt. 
2020.05.13 17:42:57 WARN  no build target for: C:\Users\Ryano\Desktop\github\ACM-Dead-End-Detector\ded\src\main\scala\Dead_End_Detector.scala
something's wrong: no file:///c%3A/Users/Ryano/Desktop/github/ACM-Dead-End-Detector/ded/src/main/scala/Dead_End_Detector.scala in List[(Int, Int)]RangePosition(file:///c%3A/Users/Ryano/Desktop/github/ACM-Dead-End-Detector/ded/src/main/scala/Dead_End_Detector.scala, 6545, 6545, 6560)
something's wrong: no file:///c%3A/Users/Ryano/Desktop/github/ACM-Dead-End-Detector/ded/src/main/scala/Dead_End_Detector.scala in List[(Int, Int)]RangePosition(file:///c%3A/Users/Ryano/Desktop/github/ACM-Dead-End-Detector/ded/src/main/scala/Dead_End_Detector.scala, 7979, 7979, 7994)
2020.05.13 17:43:12 WARN  no build tool detected in workspace 'C:\Users\Ryano\Desktop\github\ACM-Dead-End-Detector'. The most common cause for this problem is that the editor was opened in the wrong working directory, for example if you use sbt then the workspace directory should contain build.sbt. 
2020.05.13 17:43:12 WARN  no build tool detected in workspace 'C:\Users\Ryano\Desktop\github\ACM-Dead-End-Detector'. The most common cause for this problem is that the editor was opened in the wrong working directory, for example if you use sbt then the workspace directory should contain build.sbt. 
2020.05.13 17:43:12 WARN  no build tool detected in workspace 'C:\Users\Ryano\Desktop\github\ACM-Dead-End-Detector'. The most common cause for this problem is that the editor was opened in the wrong working directory, for example if you use sbt then the workspace directory should contain build.sbt. 
2020.05.13 17:43:12 WARN  no build tool detected in workspace 'C:\Users\Ryano\Desktop\github\ACM-Dead-End-Detector'. The most common cause for this problem is that the editor was opened in the wrong working directory, for example if you use sbt then the workspace directory should contain build.sbt. 
2020.05.13 17:43:51 WARN  no build target for: C:\Users\Ryano\Desktop\github\ACM-Dead-End-Detector\ded\src\main\scala\Dead_End_Detector.scala
2020.05.13 17:44:02 WARN  no build target for: C:\Users\Ryano\Desktop\github\ACM-Dead-End-Detector\ded\src\main\scala\Dead_End_Detector.scala
2020.05.13 17:44:20 WARN  no build tool detected in workspace 'C:\Users\Ryano\Desktop\github\ACM-Dead-End-Detector'. The most common cause for this problem is that the editor was opened in the wrong working directory, for example if you use sbt then the workspace directory should contain build.sbt. 
something's wrong: no file:///c%3A/Users/Ryano/Desktop/github/ACM-Dead-End-Detector/ded/src/main/scala/Dead_End_Detector.scala in List[List[(Int, Int)]]RangePosition(file:///c%3A/Users/Ryano/Desktop/github/ACM-Dead-End-Detector/ded/src/main/scala/Dead_End_Detector.scala, 6213, 6213, 6234)
something's wrong: no file:///c%3A/Users/Ryano/Desktop/github/ACM-Dead-End-Detector/ded/src/main/scala/Dead_End_Detector.scala in List[(Int, Int)]RangePosition(file:///c%3A/Users/Ryano/Desktop/github/ACM-Dead-End-Detector/ded/src/main/scala/Dead_End_Detector.scala, 6218, 6218, 6233)
2020.05.13 17:44:30 WARN  no build tool detected in workspace 'C:\Users\Ryano\Desktop\github\ACM-Dead-End-Detector'. The most common cause for this problem is that the editor was opened in the wrong working directory, for example if you use sbt then the workspace directory should contain build.sbt. 
something's wrong: no file:///c%3A/Users/Ryano/Desktop/github/ACM-Dead-End-Detector/ded/src/main/scala/Dead_End_Detector.scala in List[(Int, Int)]RangePosition(file:///c%3A/Users/Ryano/Desktop/github/ACM-Dead-End-Detector/ded/src/main/scala/Dead_End_Detector.scala, 6218, 6218, 6233)
something's wrong: no file:///c%3A/Users/Ryano/Desktop/github/ACM-Dead-End-Detector/ded/src/main/scala/Dead_End_Detector.scala in List[(Int, Int)]RangePosition(file:///c%3A/Users/Ryano/Desktop/github/ACM-Dead-End-Detector/ded/src/main/scala/Dead_End_Detector.scala, 6218, 6218, 6233)
2020.05.13 17:44:36 WARN  no build target for: C:\Users\Ryano\Desktop\github\ACM-Dead-End-Detector\ded\src\main\scala\Dead_End_Detector.scala
2020.05.13 17:45:32 WARN  no build target for: C:\Users\Ryano\Desktop\github\ACM-Dead-End-Detector\ded\src\main\scala\Dead_End_Detector.scala
2020.05.13 17:45:39 WARN  no build tool detected in workspace 'C:\Users\Ryano\Desktop\github\ACM-Dead-End-Detector'. The most common cause for this problem is that the editor was opened in the wrong working directory, for example if you use sbt then the workspace directory should contain build.sbt. 
2020.05.13 17:45:39 WARN  no build target for: C:\Users\Ryano\Desktop\github\ACM-Dead-End-Detector\ded\src\main\scala\Dead_End_Detector.scala
2020.05.13 17:45:39 WARN  no build tool detected in workspace 'C:\Users\Ryano\Desktop\github\ACM-Dead-End-Detector'. The most common cause for this problem is that the editor was opened in the wrong working directory, for example if you use sbt then the workspace directory should contain build.sbt. 
2020.05.13 17:46:31 WARN  no build target for: C:\Users\Ryano\Desktop\github\ACM-Dead-End-Detector\ded\src\main\scala\Dead_End_Detector.scala
2020.05.13 17:46:35 WARN  no build target for: C:\Users\Ryano\Desktop\github\ACM-Dead-End-Detector\ded\src\main\scala\Dead_End_Detector.scala
2020.05.13 17:46:53 WARN  no build tool detected in workspace 'C:\Users\Ryano\Desktop\github\ACM-Dead-End-Detector'. The most common cause for this problem is that the editor was opened in the wrong working directory, for example if you use sbt then the workspace directory should contain build.sbt. 
2020.05.13 17:46:53 WARN  no build tool detected in workspace 'C:\Users\Ryano\Desktop\github\ACM-Dead-End-Detector'. The most common cause for this problem is that the editor was opened in the wrong working directory, for example if you use sbt then the workspace directory should contain build.sbt. 
2020.05.13 17:46:53 WARN  no build target for: C:\Users\Ryano\Desktop\github\ACM-Dead-End-Detector\ded\src\main\scala\Dead_End_Detector.scala
something's wrong: no file:///c%3A/Users/Ryano/Desktop/github/ACM-Dead-End-Detector/ded/src/main/scala/Dead_End_Detector.scala in List[(Int, Int)]RangePosition(file:///c%3A/Users/Ryano/Desktop/github/ACM-Dead-End-Detector/ded/src/main/scala/Dead_End_Detector.scala, 11742, 11742, 11757)
2020.05.13 17:47:56 WARN  no build target for: C:\Users\Ryano\Desktop\github\ACM-Dead-End-Detector\ded\src\main\scala\Dead_End_Detector.scala
2020.05.13 17:48:02 WARN  no build target for: C:\Users\Ryano\Desktop\github\ACM-Dead-End-Detector\ded\src\main\scala\Dead_End_Detector.scala
2020.05.13 17:48:06 WARN  no build target for: C:\Users\Ryano\Desktop\github\ACM-Dead-End-Detector\ded\src\main\scala\Dead_End_Detector.scala
2020.05.13 17:48:35 WARN  no build tool detected in workspace 'C:\Users\Ryano\Desktop\github\ACM-Dead-End-Detector'. The most common cause for this problem is that the editor was opened in the wrong working directory, for example if you use sbt then the workspace directory should contain build.sbt. 
2020.05.13 17:48:35 WARN  no build target for: C:\Users\Ryano\Desktop\github\ACM-Dead-End-Detector\ded\src\main\scala\Dead_End_Detector.scala
2020.05.13 17:48:35 WARN  no build tool detected in workspace 'C:\Users\Ryano\Desktop\github\ACM-Dead-End-Detector'. The most common cause for this problem is that the editor was opened in the wrong working directory, for example if you use sbt then the workspace directory should contain build.sbt. 
2020.05.13 17:48:55 WARN  no build tool detected in workspace 'C:\Users\Ryano\Desktop\github\ACM-Dead-End-Detector'. The most common cause for this problem is that the editor was opened in the wrong working directory, for example if you use sbt then the workspace directory should contain build.sbt. 
2020.05.13 17:48:55 WARN  no build tool detected in workspace 'C:\Users\Ryano\Desktop\github\ACM-Dead-End-Detector'. The most common cause for this problem is that the editor was opened in the wrong working directory, for example if you use sbt then the workspace directory should contain build.sbt. 
2020.05.13 17:48:55 WARN  no build target for: C:\Users\Ryano\Desktop\github\ACM-Dead-End-Detector\ded\src\main\scala\Dead_End_Detector.scala
2020.05.13 17:49:07 WARN  no build target for: C:\Users\Ryano\Desktop\github\ACM-Dead-End-Detector\ded\src\main\scala\Dead_End_Detector.scala
2020.05.13 17:49:23 WARN  no build target for: C:\Users\Ryano\Desktop\github\ACM-Dead-End-Detector\ded\src\main\scala\Dead_End_Detector.scala
2020.05.13 17:49:27 WARN  no build target for: C:\Users\Ryano\Desktop\github\ACM-Dead-End-Detector\ded\src\main\scala\Dead_End_Detector.scala
2020.05.13 17:52:22 WARN  no build tool detected in workspace 'C:\Users\Ryano\Desktop\github\ACM-Dead-End-Detector'. The most common cause for this problem is that the editor was opened in the wrong working directory, for example if you use sbt then the workspace directory should contain build.sbt. 
2020.05.13 17:52:22 WARN  no build tool detected in workspace 'C:\Users\Ryano\Desktop\github\ACM-Dead-End-Detector'. The most common cause for this problem is that the editor was opened in the wrong working directory, for example if you use sbt then the workspace directory should contain build.sbt. 
2020.05.13 17:52:24 WARN  no build tool detected in workspace 'C:\Users\Ryano\Desktop\github\ACM-Dead-End-Detector'. The most common cause for this problem is that the editor was opened in the wrong working directory, for example if you use sbt then the workspace directory should contain build.sbt. 
2020.05.13 17:52:26 WARN  no build tool detected in workspace 'C:\Users\Ryano\Desktop\github\ACM-Dead-End-Detector'. The most common cause for this problem is that the editor was opened in the wrong working directory, for example if you use sbt then the workspace directory should contain build.sbt. 
2020.05.13 17:52:39 WARN  no build tool detected in workspace 'C:\Users\Ryano\Desktop\github\ACM-Dead-End-Detector'. The most common cause for this problem is that the editor was opened in the wrong working directory, for example if you use sbt then the workspace directory should contain build.sbt. 
2020.05.13 17:52:39 WARN  no build tool detected in workspace 'C:\Users\Ryano\Desktop\github\ACM-Dead-End-Detector'. The most common cause for this problem is that the editor was opened in the wrong working directory, for example if you use sbt then the workspace directory should contain build.sbt. 
2020.05.13 17:52:41 WARN  no build tool detected in workspace 'C:\Users\Ryano\Desktop\github\ACM-Dead-End-Detector'. The most common cause for this problem is that the editor was opened in the wrong working directory, for example if you use sbt then the workspace directory should contain build.sbt. 
2020.05.13 17:52:41 WARN  no build tool detected in workspace 'C:\Users\Ryano\Desktop\github\ACM-Dead-End-Detector'. The most common cause for this problem is that the editor was opened in the wrong working directory, for example if you use sbt then the workspace directory should contain build.sbt. 
2020.05.13 17:52:55 WARN  no build tool detected in workspace 'C:\Users\Ryano\Desktop\github\ACM-Dead-End-Detector'. The most common cause for this problem is that the editor was opened in the wrong working directory, for example if you use sbt then the workspace directory should contain build.sbt. 
2020.05.13 17:53:14 WARN  no build target for: C:\Users\Ryano\Desktop\github\ACM-Dead-End-Detector\ded\src\main\scala\Dead_End_Detector.scala
2020.05.13 17:53:49 WARN  no build target for: C:\Users\Ryano\Desktop\github\ACM-Dead-End-Detector\ded\src\main\scala\Dead_End_Detector.scala
2020.05.13 17:54:04 WARN  no build target for: C:\Users\Ryano\Desktop\github\ACM-Dead-End-Detector\ded\src\main\scala\Dead_End_Detector.scala
2020.05.13 17:54:10 WARN  no build target for: C:\Users\Ryano\Desktop\github\ACM-Dead-End-Detector\ded\src\main\scala\Dead_End_Detector.scala
2020.05.13 17:54:19 WARN  no build target for: C:\Users\Ryano\Desktop\github\ACM-Dead-End-Detector\ded\src\main\scala\Dead_End_Detector.scala
2020.05.13 17:54:33 WARN  no build target for: C:\Users\Ryano\Desktop\github\ACM-Dead-End-Detector\ded\src\main\scala\Dead_End_Detector.scala
2020.05.13 17:54:40 WARN  no build target for: C:\Users\Ryano\Desktop\github\ACM-Dead-End-Detector\ded\src\main\scala\Dead_End_Detector.scala
2020.05.13 17:54:44 WARN  no build target for: C:\Users\Ryano\Desktop\github\ACM-Dead-End-Detector\ded\src\main\scala\Dead_End_Detector.scala
May 13, 2020 5:55:17 PM org.eclipse.lsp4j.jsonrpc.services.GenericEndpoint notify
INFO: Unsupported notification method: $/setTraceNotification
2020.05.13 17:58:18 INFO  shutting down Metals
